<?xml version="1.0" encoding="UTF-8"?>
<!-- Generated by org.testng.reporters.JUnitXMLReporter -->
<testsuite ignored="1" hostname="LAPTOP-HP" failures="0" tests="1" name="Google Test TC001" time="13.043" errors="0" timestamp="2024-04-18T16:53:08 IST">
  <testcase classname="com.sushanth.practice.TestGoogle" name="testGoogle" time="12.938"/>
  <testcase classname="com.sushanth.practice.TestGoogle" name="testAmazon" time="0.0">
    <ignored/>
  </testcase> <!-- testAmazon -->
</testsuite> <!-- Google Test TC001 -->
