<?xml version="1.0" encoding="UTF-8"?>
<!-- Generated by org.testng.reporters.JUnitXMLReporter -->
<testsuite ignored="1" hostname="LAPTOP-HP" failures="0" tests="5" name="OrangeHRMTC001" time="36.605" errors="0" timestamp="2024-04-18T16:21:03 IST">
  <testcase classname="com.OrangeHRM.practice.TC001" name="launchApplication" time="3.73"/>
  <testcase classname="com.OrangeHRM.practice.TC001" name="enterLoginDetails" time="9.479"/>
  <testcase classname="com.OrangeHRM.practice.TC001" name="navigateMyInfo" time="5.14"/>
  <testcase classname="com.OrangeHRM.practice.TC001" name="verifyLogin" time="3.159"/>
  <testcase classname="com.OrangeHRM.practice.TC001" name="logout" time="7.277"/>
  <testcase classname="com.OrangeHRM.practice.TC001" name="verifyMyInfo" time="0.0">
    <ignored/>
  </testcase> <!-- verifyMyInfo -->
</testsuite> <!-- OrangeHRMTC001 -->
