<?xml version="1.0" encoding="UTF-8"?>
<!-- Generated by org.testng.reporters.JUnitXMLReporter -->
<testsuite ignored="0" hostname="LAPTOP-HP" failures="0" tests="6" name="OrangeHRMTC002" time="46.176" errors="0" timestamp="2024-04-18T16:21:49 IST">
  <testcase classname="com.OrangeHRM.practice.TC001" name="launchApplication" time="5.558"/>
  <testcase classname="com.OrangeHRM.practice.TC001" name="enterLoginDetails" time="10.805"/>
  <testcase classname="com.OrangeHRM.practice.TC001" name="navigateMyInfo" time="5.364"/>
  <testcase classname="com.OrangeHRM.practice.TC001" name="verifyMyInfo" time="3.125"/>
  <testcase classname="com.OrangeHRM.practice.TC001" name="verifyLogin" time="3.11"/>
  <testcase classname="com.OrangeHRM.practice.TC001" name="logout" time="7.748"/>
</testsuite> <!-- OrangeHRMTC002 -->
