<?xml version="1.0" encoding="UTF-8"?>
<!-- Generated by org.testng.reporters.JUnitXMLReporter -->
<testsuite ignored="2" hostname="LAPTOP-HP" failures="1" tests="1" name="Test3" time="10.191" errors="0" timestamp="2024-05-07T00:29:52 IST">
  <testcase classname="com.Practice.FailureScreenShots.TestClass" name="testAmazon" time="8.317">
    <failure type="java.lang.AssertionError" message="The following asserts failed:
	Border is Mismatched expected [0px rgb(17, 17, 17)] but found [0px none rgb(17, 17, 17)],
	ErrorMessage is Mismatched expected [We cannot find an account with that email address] but found [We cannot find an account with that email]">
      <![CDATA[java.lang.AssertionError: The following asserts failed:
Border is Mismatched expected [0px rgb(17, 17, 17)] but found [0px none rgb(17, 17, 17)],
ErrorMessage is Mismatched expected [We cannot find an account with that email address] but found [We cannot find an account with that email]
at com.Practice.FailureScreenShots.TestClass.testAmazon(TestClass.java:75)
at java.base/java.util.ArrayList.forEach(ArrayList.java:1511)
... Removed 29 stack frames]]>
    </failure>
  </testcase> <!-- testAmazon -->
  <testcase classname="com.Practice.FailureScreenShots.TestClass" name="testGoogle" time="0.0">
    <ignored/>
  </testcase> <!-- testGoogle -->
  <testcase classname="com.Practice.FailureScreenShots.TestClass" name="testApplication" time="0.0">
    <ignored/>
  </testcase> <!-- testApplication -->
</testsuite> <!-- Test3 -->
