<?xml version="1.0" encoding="UTF-8"?>
<!-- Generated by org.testng.reporters.JUnitXMLReporter -->
<testsuite ignored="0" hostname="LAPTOP-HP" failures="0" tests="10" name="Test" time="0.104" errors="0" timestamp="2024-05-05T23:06:19 IST">
  <testcase classname="ParallelExecutionTests.Test1" name="testMethod2" time="0.013"/>
  <testcase classname="ParallelExecutionTests.Test1" name="testMethod3" time="0.013"/>
  <testcase classname="ParallelExecutionTests.Test1" name="testMethod1" time="0.013"/>
  <testcase classname="ParallelExecutionTests.Test1" name="testMethod4" time="0.001"/>
  <testcase classname="ParallelExecutionTests.Test1" name="testMethod5" time="0.003"/>
  <testcase classname="ParallelExecutionTests.Test2" name="testMethod10" time="0.004"/>
  <testcase classname="ParallelExecutionTests.Test2" name="testMethod8" time="0.002"/>
  <testcase classname="ParallelExecutionTests.Test2" name="testMethod6" time="0.005"/>
  <testcase classname="ParallelExecutionTests.Test2" name="testMethod7" time="0.004"/>
  <testcase classname="ParallelExecutionTests.Test2" name="testMethod9" time="0.002"/>
</testsuite> <!-- Test -->
