<?xml version="1.0" encoding="UTF-8"?>
<!-- Generated by org.testng.reporters.JUnitXMLReporter -->
<testsuite ignored="2" hostname="LAPTOP-HP" failures="0" tests="1" name="Test Google" time="10.207" errors="0" timestamp="2024-05-07T22:29:10 IST">
  <testcase classname="com.Practice.ExtendReportsIntegration.TestClass" name="testGoogle" time="4.293"/>
  <testcase classname="com.Practice.ExtendReportsIntegration.TestClass" name="testAmazon" time="0.0">
    <ignored/>
  </testcase> <!-- testAmazon -->
  <testcase classname="com.Practice.ExtendReportsIntegration.TestClass" name="testApplication" time="0.0">
    <ignored/>
  </testcase> <!-- testApplication -->
</testsuite> <!-- Test Google -->
