<?xml version="1.0" encoding="UTF-8"?>
<!-- Generated by org.testng.reporters.JUnitXMLReporter -->
<testsuite ignored="2" hostname="LAPTOP-HP" failures="1" tests="1" name="Test Amazon" time="20.293" errors="0" timestamp="2024-05-07T22:30:09 IST">
  <testcase classname="com.Practice.ExtendReportsIntegration.TestClass" name="testAmazon" time="10.332">
    <failure type="java.lang.AssertionError" message="The following asserts failed:
	ErrorMessage is Mismatched expected [We cannot find an account with that email address] but found [We cannot find an account with that email]">
      <![CDATA[java.lang.AssertionError: The following asserts failed:
ErrorMessage is Mismatched expected [We cannot find an account with that email address] but found [We cannot find an account with that email]
at com.Practice.ExtendReportsIntegration.TestClass.testAmazon(TestClass.java:75)
at java.base/java.util.ArrayList.forEach(ArrayList.java:1511)
... Removed 29 stack frames]]>
    </failure>
  </testcase> <!-- testAmazon -->
  <testcase classname="com.Practice.ExtendReportsIntegration.TestClass" name="testApplication" time="0.0">
    <ignored/>
  </testcase> <!-- testApplication -->
  <testcase classname="com.Practice.ExtendReportsIntegration.TestClass" name="testGoogle" time="0.0">
    <ignored/>
  </testcase> <!-- testGoogle -->
</testsuite> <!-- Test Amazon -->
