<?xml version="1.0" encoding="UTF-8"?>
<!-- Generated by org.testng.reporters.JUnitXMLReporter -->
<testsuite ignored="2" hostname="LAPTOP-HP" failures="0" tests="1" name="Test2" time="4.915" errors="0" timestamp="2024-05-07T00:29:42 IST">
  <testcase classname="com.Practice.FailureScreenShots.TestClass" name="testGoogle" time="3.119"/>
  <testcase classname="com.Practice.FailureScreenShots.TestClass" name="testApplication" time="0.0">
    <ignored/>
  </testcase> <!-- testApplication -->
  <testcase classname="com.Practice.FailureScreenShots.TestClass" name="testAmazon" time="0.0">
    <ignored/>
  </testcase> <!-- testAmazon -->
</testsuite> <!-- Test2 -->
